info it worked if it ends with ok
verbose cli [ 'node',
verbose cli   '/Users/duwei/local/node/bin/npm',
verbose cli   'install',
verbose cli   'socket.io' ]
info using npm@1.0.26
info using node@v0.5.4
verbose config file /Users/duwei/.npmrc
verbose config file /Users/duwei/local/node/etc/npmrc
silly testEngine { name: 'd-proxy',
silly testEngine   version: '0.0.1',
silly testEngine   dependencies: {},
silly testEngine   _npmJsonOpts: 
silly testEngine    { file: '/Users/duwei/project/proxy/package.json',
silly testEngine      wscript: false,
silly testEngine      contributors: false,
silly testEngine      serverjs: false },
silly testEngine   _id: 'd-proxy@0.0.1',
silly testEngine   devDependencies: {},
silly testEngine   engines: { node: '*' },
silly testEngine   _engineSupported: true,
silly testEngine   _npmVersion: '1.0.26',
silly testEngine   _nodeVersion: 'v0.5.4',
silly testEngine   _defaultsLoaded: true }
verbose caching /Users/duwei/project/proxy/package.json
verbose loadDefaults d-proxy@0.0.1
verbose from cache /Users/duwei/project/proxy/package.json
verbose into /Users/duwei/project/proxy [ 'socket.io' ]
verbose cache add socket.io
verbose cache add [ 'socket.io', null ]
silly cache add: name, spec, args [ undefined, 'socket.io', [ 'socket.io', null ] ]
verbose parsed url { pathname: 'socket.io', href: 'socket.io' }
info addNamed [ 'socket.io', '' ]
verbose addNamed [ null, '' ]
verbose GET socket.io
verbose raw, before any munging socket.io
verbose url resolving [ 'https://registry.npmjs.org/', './socket.io' ]
verbose url resolved https://registry.npmjs.org/socket.io
verbose url parsed { protocol: 'https:',
verbose url parsed   slashes: true,
verbose url parsed   host: 'registry.npmjs.org',
verbose url parsed   hostname: 'registry.npmjs.org',
verbose url parsed   href: 'https://registry.npmjs.org/socket.io',
verbose url parsed   pathname: '/socket.io' }
ERR! Error: ETIMEDOUT, Operation timed out
ERR!     at Socket._onConnect (net_legacy.js:606:18)
ERR!     at IOWatcher.onWritable [as callback] (net_legacy.js:186:12)
ERR! Report this *entire* log at:
ERR!     <http://github.com/isaacs/npm/issues>
ERR! or email it to:
ERR!     <npm-@googlegroups.com>
ERR! 
ERR! System Darwin 10.8.0
ERR! command "node" "/Users/duwei/local/node/bin/npm" "install" "socket.io"
ERR! cwd /Users/duwei/project/proxy
ERR! node -v v0.5.4
ERR! npm -v 1.0.26
verbose exit [ 60, true ]
